[debug] [2025-10-16T17:40:44.871Z] ----------------------------------------------------------------------
[debug] [2025-10-16T17:40:44.873Z] Command:       C:\Program Files\nodejs\node.exe C:\Users\Jessa\AppData\Roaming\npm\node_modules\firebase-tools\lib\bin\firebase.js emulators:start --only firestore --debug
[debug] [2025-10-16T17:40:44.873Z] CLI Version:   14.20.0
[debug] [2025-10-16T17:40:44.873Z] Platform:      win32
[debug] [2025-10-16T17:40:44.873Z] Node Version:  v20.19.1
[debug] [2025-10-16T17:40:44.873Z] Time:          Thu Oct 16 2025 13:40:44 GMT-0400 (Eastern Daylight Time)
[debug] [2025-10-16T17:40:44.873Z] ----------------------------------------------------------------------
[debug] 
[debug] [2025-10-16T17:40:45.028Z] > command requires scopes: ["email","openid","https://www.googleapis.com/auth/cloudplatformprojects.readonly","https://www.googleapis.com/auth/firebase","https://www.googleapis.com/auth/cloud-platform"]
[debug] [2025-10-16T17:40:45.029Z] > authorizing via signed-in user (jessabel.santos@gmail.com)
[debug] [2025-10-16T17:40:45.041Z] Could not find VSCode notification endpoint: FetchError: request to http://localhost:40001/vscode/notify failed, reason: . If you are not running the Firebase Data Connect VSCode extension, this is expected and not an issue.
[info] i  emulators: Shutting down emulators. {"metadata":{"emulator":{"name":"hub"},"message":"Shutting down emulators."}}
[debug] [2025-10-16T17:40:45.043Z] Could not find VSCode notification endpoint: FetchError: request to http://localhost:40001/vscode/notify failed, reason: . If you are not running the Firebase Data Connect VSCode extension, this is expected and not an issue.
[debug] [2025-10-16T17:40:45.186Z] Error: spawn java ENOENT
    at ChildProcess._handle.onexit (node:internal/child_process:285:19)
    at onErrorNT (node:internal/child_process:483:16)
    at process.processTicksAndRejections (node:internal/process/task_queues:82:21)
[error] 
[error] Error: Could not spawn `java -version`. Please make sure Java is installed and on your system PATH.
[debug] [2025-10-16T17:59:38.353Z] ----------------------------------------------------------------------
[debug] [2025-10-16T17:59:38.355Z] Command:       C:\Program Files\nodejs\node.exe C:\Users\Jessa\AppData\Roaming\npm\node_modules\firebase-tools\lib\bin\firebase.js emulators:start --only firestore functions --debug
[debug] [2025-10-16T17:59:38.355Z] CLI Version:   14.20.0
[debug] [2025-10-16T17:59:38.355Z] Platform:      win32
[debug] [2025-10-16T17:59:38.355Z] Node Version:  v20.19.1
[debug] [2025-10-16T17:59:38.355Z] Time:          Thu Oct 16 2025 13:59:38 GMT-0400 (Eastern Daylight Time)
[debug] [2025-10-16T17:59:38.356Z] ----------------------------------------------------------------------
[debug] 
[debug] [2025-10-16T17:59:38.510Z] > command requires scopes: ["email","openid","https://www.googleapis.com/auth/cloudplatformprojects.readonly","https://www.googleapis.com/auth/firebase","https://www.googleapis.com/auth/cloud-platform"]
[debug] [2025-10-16T17:59:38.511Z] > authorizing via signed-in user (jessabel.santos@gmail.com)
[debug] [2025-10-16T17:59:38.522Z] Could not find VSCode notification endpoint: FetchError: request to http://localhost:40001/vscode/notify failed, reason: . If you are not running the Firebase Data Connect VSCode extension, this is expected and not an issue.
[info] i  emulators: Shutting down emulators. {"metadata":{"emulator":{"name":"hub"},"message":"Shutting down emulators."}}
[debug] [2025-10-16T17:59:38.524Z] Could not find VSCode notification endpoint: FetchError: request to http://localhost:40001/vscode/notify failed, reason: . If you are not running the Firebase Data Connect VSCode extension, this is expected and not an issue.
[error] 
[error] Error: No emulators to start, run firebase init emulators to get started.
[debug] [2025-10-16T18:01:05.732Z] ----------------------------------------------------------------------
[debug] [2025-10-16T18:01:05.734Z] Command:       C:\Program Files\nodejs\node.exe C:\Users\Jessa\AppData\Roaming\npm\node_modules\firebase-tools\lib\bin\firebase.js emulators:start --only firestore --debug
[debug] [2025-10-16T18:01:05.734Z] CLI Version:   14.20.0
[debug] [2025-10-16T18:01:05.734Z] Platform:      win32
[debug] [2025-10-16T18:01:05.734Z] Node Version:  v20.19.1
[debug] [2025-10-16T18:01:05.734Z] Time:          Thu Oct 16 2025 14:01:05 GMT-0400 (Eastern Daylight Time)
[debug] [2025-10-16T18:01:05.735Z] ----------------------------------------------------------------------
[debug] 
[debug] [2025-10-16T18:01:05.879Z] > command requires scopes: ["email","openid","https://www.googleapis.com/auth/cloudplatformprojects.readonly","https://www.googleapis.com/auth/firebase","https://www.googleapis.com/auth/cloud-platform"]
[debug] [2025-10-16T18:01:05.880Z] > authorizing via signed-in user (jessabel.santos@gmail.com)
[debug] [2025-10-16T18:01:05.891Z] Could not find VSCode notification endpoint: FetchError: request to http://localhost:40001/vscode/notify failed, reason: . If you are not running the Firebase Data Connect VSCode extension, this is expected and not an issue.
[info] i  emulators: Shutting down emulators. {"metadata":{"emulator":{"name":"hub"},"message":"Shutting down emulators."}}
[debug] [2025-10-16T18:01:05.894Z] Could not find VSCode notification endpoint: FetchError: request to http://localhost:40001/vscode/notify failed, reason: . If you are not running the Firebase Data Connect VSCode extension, this is expected and not an issue.
[debug] [2025-10-16T18:01:10.911Z] Error: Timed out.
    at Timeout._onTimeout (C:\Users\Jessa\AppData\Roaming\npm\node_modules\firebase-tools\lib\utils.js:275:49)
    at listOnTimeout (node:internal/timers:581:17)
    at process.processTimers (node:internal/timers:519:7)
[error] 
[error] Error: An unexpected error has occurred.
[debug] [2025-10-16T18:02:04.851Z] ----------------------------------------------------------------------
[debug] [2025-10-16T18:02:04.853Z] Command:       C:\Program Files\nodejs\node.exe C:\Users\Jessa\AppData\Roaming\npm\node_modules\firebase-tools\lib\bin\firebase.js emulators:start --only firestore functions --debug
[debug] [2025-10-16T18:02:04.853Z] CLI Version:   14.20.0
[debug] [2025-10-16T18:02:04.853Z] Platform:      win32
[debug] [2025-10-16T18:02:04.853Z] Node Version:  v20.19.1
[debug] [2025-10-16T18:02:04.853Z] Time:          Thu Oct 16 2025 14:02:04 GMT-0400 (Eastern Daylight Time)
[debug] [2025-10-16T18:02:04.853Z] ----------------------------------------------------------------------
[debug] 
[debug] [2025-10-16T18:02:05.012Z] > command requires scopes: ["email","openid","https://www.googleapis.com/auth/cloudplatformprojects.readonly","https://www.googleapis.com/auth/firebase","https://www.googleapis.com/auth/cloud-platform"]
[debug] [2025-10-16T18:02:05.012Z] > authorizing via signed-in user (jessabel.santos@gmail.com)
[debug] [2025-10-16T18:02:05.021Z] Could not find VSCode notification endpoint: FetchError: request to http://localhost:40001/vscode/notify failed, reason: . If you are not running the Firebase Data Connect VSCode extension, this is expected and not an issue.
[info] i  emulators: Shutting down emulators. {"metadata":{"emulator":{"name":"hub"},"message":"Shutting down emulators."}}
[debug] [2025-10-16T18:02:05.024Z] Could not find VSCode notification endpoint: FetchError: request to http://localhost:40001/vscode/notify failed, reason: . If you are not running the Firebase Data Connect VSCode extension, this is expected and not an issue.
[error] 
[error] Error: No emulators to start, run firebase init emulators to get started.
[debug] [2025-10-16T22:26:30.022Z] ----------------------------------------------------------------------
[debug] [2025-10-16T22:26:30.024Z] Command:       C:\Program Files\nodejs\node.exe C:\Users\Jessa\AppData\Roaming\npm\node_modules\firebase-tools\lib\bin\firebase.js deploy --only functions
[debug] [2025-10-16T22:26:30.025Z] CLI Version:   14.20.0
[debug] [2025-10-16T22:26:30.025Z] Platform:      win32
[debug] [2025-10-16T22:26:30.025Z] Node Version:  v20.19.1
[debug] [2025-10-16T22:26:30.025Z] Time:          Thu Oct 16 2025 18:26:30 GMT-0400 (Eastern Daylight Time)
[debug] [2025-10-16T22:26:30.025Z] ----------------------------------------------------------------------
[debug] 
[debug] [2025-10-16T22:26:30.169Z] > command requires scopes: ["email","openid","https://www.googleapis.com/auth/cloudplatformprojects.readonly","https://www.googleapis.com/auth/firebase","https://www.googleapis.com/auth/cloud-platform"]
[debug] [2025-10-16T22:26:30.169Z] > authorizing via signed-in user (jessabel.santos@gmail.com)
[debug] [2025-10-16T22:26:30.170Z] [iam] checking project sanchez-services-11fd0 for permissions ["cloudfunctions.functions.create","cloudfunctions.functions.delete","cloudfunctions.functions.get","cloudfunctions.functions.list","cloudfunctions.functions.update","cloudfunctions.operations.get","firebase.projects.get"]
[debug] [2025-10-16T22:26:30.171Z] Checked if tokens are valid: false, expires at: 1760638663501
[debug] [2025-10-16T22:26:30.171Z] Checked if tokens are valid: false, expires at: 1760638663501
[debug] [2025-10-16T22:26:30.171Z] > refreshing access token with scopes: []
[debug] [2025-10-16T22:26:30.175Z] >>> [apiv2][query] POST https://www.googleapis.com/oauth2/v3/token [none]
[debug] [2025-10-16T22:26:30.175Z] >>> [apiv2][body] POST https://www.googleapis.com/oauth2/v3/token [omitted]
[debug] [2025-10-16T22:26:30.460Z] <<< [apiv2][status] POST https://www.googleapis.com/oauth2/v3/token 200
[debug] [2025-10-16T22:26:30.461Z] <<< [apiv2][body] POST https://www.googleapis.com/oauth2/v3/token [omitted]
[debug] [2025-10-16T22:26:30.482Z] >>> [apiv2][query] POST https://cloudresourcemanager.googleapis.com/v1/projects/sanchez-services-11fd0:testIamPermissions [none]
[debug] [2025-10-16T22:26:30.482Z] >>> [apiv2][(partial)header] POST https://cloudresourcemanager.googleapis.com/v1/projects/sanchez-services-11fd0:testIamPermissions x-goog-quota-user=projects/sanchez-services-11fd0
[debug] [2025-10-16T22:26:30.483Z] >>> [apiv2][body] POST https://cloudresourcemanager.googleapis.com/v1/projects/sanchez-services-11fd0:testIamPermissions {"permissions":["cloudfunctions.functions.create","cloudfunctions.functions.delete","cloudfunctions.functions.get","cloudfunctions.functions.list","cloudfunctions.functions.update","cloudfunctions.operations.get","firebase.projects.get"]}
[debug] [2025-10-16T22:26:30.788Z] <<< [apiv2][status] POST https://cloudresourcemanager.googleapis.com/v1/projects/sanchez-services-11fd0:testIamPermissions 200
[debug] [2025-10-16T22:26:30.788Z] <<< [apiv2][body] POST https://cloudresourcemanager.googleapis.com/v1/projects/sanchez-services-11fd0:testIamPermissions {"permissions":["cloudfunctions.functions.create","cloudfunctions.functions.delete","cloudfunctions.functions.get","cloudfunctions.functions.list","cloudfunctions.functions.update","cloudfunctions.operations.get","firebase.projects.get"]}
[debug] [2025-10-16T22:26:30.790Z] Checked if tokens are valid: true, expires at: 1760657189462
[debug] [2025-10-16T22:26:30.790Z] Checked if tokens are valid: true, expires at: 1760657189462
[debug] [2025-10-16T22:26:30.791Z] >>> [apiv2][query] POST https://iam.googleapis.com/v1/projects/sanchez-services-11fd0/serviceAccounts/sanchez-services-11fd0@appspot.gserviceaccount.com:testIamPermissions [none]
[debug] [2025-10-16T22:26:30.791Z] >>> [apiv2][body] POST https://iam.googleapis.com/v1/projects/sanchez-services-11fd0/serviceAccounts/sanchez-services-11fd0@appspot.gserviceaccount.com:testIamPermissions {"permissions":["iam.serviceAccounts.actAs"]}
[debug] [2025-10-16T22:26:31.127Z] <<< [apiv2][status] POST https://iam.googleapis.com/v1/projects/sanchez-services-11fd0/serviceAccounts/sanchez-services-11fd0@appspot.gserviceaccount.com:testIamPermissions 200
[debug] [2025-10-16T22:26:31.127Z] <<< [apiv2][body] POST https://iam.googleapis.com/v1/projects/sanchez-services-11fd0/serviceAccounts/sanchez-services-11fd0@appspot.gserviceaccount.com:testIamPermissions {"permissions":["iam.serviceAccounts.actAs"]}
[info] 
[info] === Deploying to 'sanchez-services-11fd0'...
[info] 
[info] i  deploying functions 
[debug] [2025-10-16T22:26:31.145Z] Checked if tokens are valid: true, expires at: 1760657189462
[debug] [2025-10-16T22:26:31.145Z] Checked if tokens are valid: true, expires at: 1760657189462
[debug] [2025-10-16T22:26:31.146Z] >>> [apiv2][query] GET https://serviceusage.googleapis.com/v1/projects/sanchez-services-11fd0/services/cloudresourcemanager.googleapis.com [none]
[debug] [2025-10-16T22:26:31.146Z] >>> [apiv2][(partial)header] GET https://serviceusage.googleapis.com/v1/projects/sanchez-services-11fd0/services/cloudresourcemanager.googleapis.com x-goog-quota-user=projects/sanchez-services-11fd0
[debug] [2025-10-16T22:26:31.764Z] <<< [apiv2][status] GET https://serviceusage.googleapis.com/v1/projects/sanchez-services-11fd0/services/cloudresourcemanager.googleapis.com 200
[debug] [2025-10-16T22:26:31.765Z] <<< [apiv2][body] GET https://serviceusage.googleapis.com/v1/projects/sanchez-services-11fd0/services/cloudresourcemanager.googleapis.com [omitted]
[debug] [2025-10-16T22:26:31.775Z] Checked if tokens are valid: true, expires at: 1760657189462
[debug] [2025-10-16T22:26:31.775Z] Checked if tokens are valid: true, expires at: 1760657189462
[debug] [2025-10-16T22:26:31.775Z] >>> [apiv2][query] GET https://cloudresourcemanager.googleapis.com/v1/projects/sanchez-services-11fd0 [none]
[debug] [2025-10-16T22:26:31.895Z] <<< [apiv2][status] GET https://cloudresourcemanager.googleapis.com/v1/projects/sanchez-services-11fd0 200
[debug] [2025-10-16T22:26:31.896Z] <<< [apiv2][body] GET https://cloudresourcemanager.googleapis.com/v1/projects/sanchez-services-11fd0 {"projectNumber":"1096371289926","projectId":"sanchez-services-11fd0","lifecycleState":"ACTIVE","name":"Sanchez Services","labels":{"firebase":"enabled","firebase-core":"disabled"},"createTime":"2025-09-18T16:10:09.070382Z"}
[info] i  functions: preparing codebase default for deployment 
[info] i  functions: ensuring required API cloudfunctions.googleapis.com is enabled... 
[info] i  functions: ensuring required API cloudbuild.googleapis.com is enabled... 
[debug] [2025-10-16T22:26:31.905Z] Checked if tokens are valid: true, expires at: 1760657189462
[debug] [2025-10-16T22:26:31.906Z] Checked if tokens are valid: true, expires at: 1760657189462
[info] i  artifactregistry: ensuring required API artifactregistry.googleapis.com is enabled... 
[debug] [2025-10-16T22:26:31.907Z] Checked if tokens are valid: true, expires at: 1760657189462
[debug] [2025-10-16T22:26:31.908Z] Checked if tokens are valid: true, expires at: 1760657189462
[debug] [2025-10-16T22:26:31.908Z] >>> [apiv2][query] GET https://serviceusage.googleapis.com/v1/projects/sanchez-services-11fd0/services/cloudbuild.googleapis.com [none]
[debug] [2025-10-16T22:26:31.908Z] >>> [apiv2][(partial)header] GET https://serviceusage.googleapis.com/v1/projects/sanchez-services-11fd0/services/cloudbuild.googleapis.com x-goog-quota-user=projects/sanchez-services-11fd0
[debug] [2025-10-16T22:26:31.911Z] >>> [apiv2][query] GET https://serviceusage.googleapis.com/v1/projects/sanchez-services-11fd0/services/artifactregistry.googleapis.com [none]
[debug] [2025-10-16T22:26:31.911Z] >>> [apiv2][(partial)header] GET https://serviceusage.googleapis.com/v1/projects/sanchez-services-11fd0/services/artifactregistry.googleapis.com x-goog-quota-user=projects/sanchez-services-11fd0
[debug] [2025-10-16T22:26:32.274Z] <<< [apiv2][status] GET https://serviceusage.googleapis.com/v1/projects/sanchez-services-11fd0/services/cloudbuild.googleapis.com 200
[debug] [2025-10-16T22:26:32.274Z] <<< [apiv2][body] GET https://serviceusage.googleapis.com/v1/projects/sanchez-services-11fd0/services/cloudbuild.googleapis.com [omitted]
[warn] !  functions: missing required API cloudbuild.googleapis.com. Enabling now... 
[debug] [2025-10-16T22:26:32.277Z] Checked if tokens are valid: true, expires at: 1760657189462
[debug] [2025-10-16T22:26:32.277Z] Checked if tokens are valid: true, expires at: 1760657189462
[debug] [2025-10-16T22:26:32.278Z] >>> [apiv2][query] POST https://serviceusage.googleapis.com/v1/projects/sanchez-services-11fd0/services/cloudbuild.googleapis.com:enable [none]
[debug] [2025-10-16T22:26:32.278Z] >>> [apiv2][(partial)header] POST https://serviceusage.googleapis.com/v1/projects/sanchez-services-11fd0/services/cloudbuild.googleapis.com:enable x-goog-quota-user=projects/sanchez-services-11fd0
[debug] [2025-10-16T22:26:32.349Z] <<< [apiv2][status] GET https://serviceusage.googleapis.com/v1/projects/sanchez-services-11fd0/services/artifactregistry.googleapis.com 200
[debug] [2025-10-16T22:26:32.349Z] <<< [apiv2][body] GET https://serviceusage.googleapis.com/v1/projects/sanchez-services-11fd0/services/artifactregistry.googleapis.com [omitted]
[warn] !  artifactregistry: missing required API artifactregistry.googleapis.com. Enabling now... 
[debug] [2025-10-16T22:26:32.350Z] Checked if tokens are valid: true, expires at: 1760657189462
[debug] [2025-10-16T22:26:32.350Z] Checked if tokens are valid: true, expires at: 1760657189462
[debug] [2025-10-16T22:26:32.351Z] >>> [apiv2][query] POST https://serviceusage.googleapis.com/v1/projects/sanchez-services-11fd0/services/artifactregistry.googleapis.com:enable [none]
[debug] [2025-10-16T22:26:32.351Z] >>> [apiv2][(partial)header] POST https://serviceusage.googleapis.com/v1/projects/sanchez-services-11fd0/services/artifactregistry.googleapis.com:enable x-goog-quota-user=projects/sanchez-services-11fd0
[debug] [2025-10-16T22:26:32.857Z] <<< [apiv2][status] POST https://serviceusage.googleapis.com/v1/projects/sanchez-services-11fd0/services/cloudbuild.googleapis.com:enable 200
[debug] [2025-10-16T22:26:32.857Z] <<< [apiv2][body] POST https://serviceusage.googleapis.com/v1/projects/sanchez-services-11fd0/services/cloudbuild.googleapis.com:enable [omitted]
[debug] [2025-10-16T22:26:33.104Z] <<< [apiv2][status] POST https://serviceusage.googleapis.com/v1/projects/sanchez-services-11fd0/services/artifactregistry.googleapis.com:enable 200
[debug] [2025-10-16T22:26:33.104Z] <<< [apiv2][body] POST https://serviceusage.googleapis.com/v1/projects/sanchez-services-11fd0/services/artifactregistry.googleapis.com:enable [omitted]
[debug] [2025-10-16T22:26:43.129Z] Checked if tokens are valid: true, expires at: 1760657189462
[debug] [2025-10-16T22:26:43.130Z] Checked if tokens are valid: true, expires at: 1760657189462
[debug] [2025-10-16T22:26:43.130Z] >>> [apiv2][query] GET https://firebase.googleapis.com/v1beta1/projects/sanchez-services-11fd0/adminSdkConfig [none]
[debug] [2025-10-16T22:26:43.489Z] <<< [apiv2][status] GET https://firebase.googleapis.com/v1beta1/projects/sanchez-services-11fd0/adminSdkConfig 200
[debug] [2025-10-16T22:26:43.490Z] <<< [apiv2][body] GET https://firebase.googleapis.com/v1beta1/projects/sanchez-services-11fd0/adminSdkConfig {"projectId":"sanchez-services-11fd0","storageBucket":"sanchez-services-11fd0.firebasestorage.app"}
[debug] [2025-10-16T22:26:43.491Z] Checked if tokens are valid: true, expires at: 1760657189462
[debug] [2025-10-16T22:26:43.492Z] Checked if tokens are valid: true, expires at: 1760657189462
[debug] [2025-10-16T22:26:43.492Z] >>> [apiv2][query] GET https://runtimeconfig.googleapis.com/v1beta1/projects/sanchez-services-11fd0/configs [none]
[debug] [2025-10-16T22:26:43.951Z] <<< [apiv2][status] GET https://runtimeconfig.googleapis.com/v1beta1/projects/sanchez-services-11fd0/configs 200
[debug] [2025-10-16T22:26:43.952Z] <<< [apiv2][body] GET https://runtimeconfig.googleapis.com/v1beta1/projects/sanchez-services-11fd0/configs {}
[debug] [2025-10-16T22:26:43.958Z] Validating nodejs source
[warn] !  functions: Runtime Node.js 18 was deprecated on 2025-04-30 and will be decommissioned on 2025-10-30, after which you will not be able to deploy without upgrading. Consider upgrading now to avoid disruption. See https://cloud.google.com/functions/docs/runtime-support for full details on the lifecycle policy 
[warn] !  functions: package.json indicates an outdated version of firebase-functions. Please upgrade using npm install --save firebase-functions@latest in your functions directory. 
[warn] !  functions: Please note that there will be breaking changes when you upgrade. 
[debug] [2025-10-16T22:26:45.076Z] > [functions] package.json contents: {
  "name": "sanchez-services-functions",
  "private": true,
  "engines": {
    "node": "18"
  },
  "dependencies": {
    "firebase-admin": "^11.11.0",
    "firebase-functions": "^4.4.0",
    "web-app": "file:.."
  },
  "devDependencies": {
    "chai": "^4.3.8",
    "mocha": "^10.2.0",
    "proxyquire": "^2.1.3",
    "sinon": "^15.0.0"
  },
  "scripts": {
    "test": "mocha --exit"
  }
}
[debug] [2025-10-16T22:26:45.077Z] Building nodejs source
[info] i  functions: Loading and analyzing source code for codebase default to determine what to deploy 
[info] i  functions: You are using a version of firebase-functions SDK (4.9.0) that does not have support for the newest Firebase Extensions features. Please update firebase-functions SDK to >=5.1.0 to use them correctly 
[debug] [2025-10-16T22:26:45.079Z] Could not find functions.yaml. Must use http discovery
[debug] [2025-10-16T22:26:45.086Z] Found firebase-functions binary at 'C:\Users\Jessa\OneDrive\Desktop\Website Builds\Sanchez Services\functions\node_modules\.bin\firebase-functions'
[info] Serving at port 8646

[debug] [2025-10-16T22:26:45.889Z] Got response from /__/functions.yaml {"endpoints":{"sweepCompleteBookings":{"platform":"gcfv1","availableMemoryMb":null,"timeoutSeconds":null,"minInstances":null,"maxInstances":null,"ingressSettings":null,"serviceAccountEmail":null,"vpc":null,"httpsTrigger":{},"entryPoint":"sweepCompleteBookings"},"enqueueBookingEmail":{"platform":"gcfv1","availableMemoryMb":null,"timeoutSeconds":null,"minInstances":null,"maxInstances":null,"ingressSettings":null,"serviceAccountEmail":null,"vpc":null,"eventTrigger":{"eventType":"providers/cloud.firestore/eventTypes/document.write","eventFilters":{"resource":"projects/sanchez-services-11fd0/databases/(default)/documents/bookings/{bookingId}"},"retry":false},"labels":{},"entryPoint":"enqueueBookingEmail"},"onBookingCreate":{"platform":"gcfv1","availableMemoryMb":null,"timeoutSeconds":null,"minInstances":null,"maxInstances":null,"ingressSettings":null,"serviceAccountEmail":null,"vpc":null,"eventTrigger":{"eventType":"providers/cloud.firestore/eventTypes/document.create","eventFilters":{"resource":"projects/sanchez-services-11fd0/databases/(default)/documents/bookings/{id}"},"retry":false},"labels":{},"entryPoint":"onBookingCreate"},"onBookingDelete":{"platform":"gcfv1","availableMemoryMb":null,"timeoutSeconds":null,"minInstances":null,"maxInstances":null,"ingressSettings":null,"serviceAccountEmail":null,"vpc":null,"eventTrigger":{"eventType":"providers/cloud.firestore/eventTypes/document.delete","eventFilters":{"resource":"projects/sanchez-services-11fd0/databases/(default)/documents/bookings/{id}"},"retry":false},"labels":{},"entryPoint":"onBookingDelete"},"onBookingUpdate":{"platform":"gcfv1","availableMemoryMb":null,"timeoutSeconds":null,"minInstances":null,"maxInstances":null,"ingressSettings":null,"serviceAccountEmail":null,"vpc":null,"eventTrigger":{"eventType":"providers/cloud.firestore/eventTypes/document.update","eventFilters":{"resource":"projects/sanchez-services-11fd0/databases/(default)/documents/bookings/{id}"},"retry":false},"labels":{},"entryPoint":"onBookingUpdate"},"rebuildAvailabilityForDay":{"platform":"gcfv1","labels":{},"availableMemoryMb":null,"timeoutSeconds":null,"minInstances":null,"maxInstances":null,"ingressSettings":null,"serviceAccountEmail":null,"vpc":null,"callableTrigger":{},"entryPoint":"rebuildAvailabilityForDay"}},"specVersion":"v1alpha1","requiredAPIs":[]}
[info] i  functions: preparing functions directory for uploading... 
[info] i  functions: packaged C:\Users\Jessa\OneDrive\Desktop\Website Builds\Sanchez Services\functions (53.9 KB) for uploading 
[debug] [2025-10-16T22:26:50.029Z] Checked if tokens are valid: true, expires at: 1760657189462
[debug] [2025-10-16T22:26:50.029Z] Checked if tokens are valid: true, expires at: 1760657189462
[debug] [2025-10-16T22:26:50.029Z] >>> [apiv2][query] GET https://cloudfunctions.googleapis.com/v1/projects/sanchez-services-11fd0/locations/-/functions [none]
[debug] [2025-10-16T22:26:50.730Z] <<< [apiv2][status] GET https://cloudfunctions.googleapis.com/v1/projects/sanchez-services-11fd0/locations/-/functions 200
[debug] [2025-10-16T22:26:50.731Z] <<< [apiv2][body] GET https://cloudfunctions.googleapis.com/v1/projects/sanchez-services-11fd0/locations/-/functions {}
[debug] [2025-10-16T22:26:50.732Z] Checked if tokens are valid: true, expires at: 1760657189462
[debug] [2025-10-16T22:26:50.732Z] Checked if tokens are valid: true, expires at: 1760657189462
[debug] [2025-10-16T22:26:50.738Z] >>> [apiv2][query] GET https://cloudfunctions.googleapis.com/v2/projects/sanchez-services-11fd0/locations/-/functions filter=environment%3D%22GEN_2%22
[debug] [2025-10-16T22:26:51.236Z] <<< [apiv2][status] GET https://cloudfunctions.googleapis.com/v2/projects/sanchez-services-11fd0/locations/-/functions 200
[debug] [2025-10-16T22:26:51.237Z] <<< [apiv2][body] GET https://cloudfunctions.googleapis.com/v2/projects/sanchez-services-11fd0/locations/-/functions {}
[debug] [2025-10-16T22:26:51.251Z] Checked if tokens are valid: true, expires at: 1760657189462
[debug] [2025-10-16T22:26:51.251Z] Checked if tokens are valid: true, expires at: 1760657189462
[debug] [2025-10-16T22:26:51.252Z] >>> [apiv2][query] GET https://cloudresourcemanager.googleapis.com/v1/projects/sanchez-services-11fd0 [none]
[debug] [2025-10-16T22:26:51.491Z] <<< [apiv2][status] GET https://cloudresourcemanager.googleapis.com/v1/projects/sanchez-services-11fd0 200
[debug] [2025-10-16T22:26:51.492Z] <<< [apiv2][body] GET https://cloudresourcemanager.googleapis.com/v1/projects/sanchez-services-11fd0 {"projectNumber":"1096371289926","projectId":"sanchez-services-11fd0","lifecycleState":"ACTIVE","name":"Sanchez Services","labels":{"firebase":"enabled","firebase-core":"disabled"},"createTime":"2025-09-18T16:10:09.070382Z"}
[debug] [2025-10-16T22:26:51.496Z] [functions] found 1 new HTTP functions, testing setIamPolicy permission...
[debug] [2025-10-16T22:26:51.497Z] Checked if tokens are valid: true, expires at: 1760657189462
[debug] [2025-10-16T22:26:51.497Z] Checked if tokens are valid: true, expires at: 1760657189462
[debug] [2025-10-16T22:26:51.498Z] >>> [apiv2][query] POST https://cloudresourcemanager.googleapis.com/v1/projects/sanchez-services-11fd0:testIamPermissions [none]
[debug] [2025-10-16T22:26:51.498Z] >>> [apiv2][(partial)header] POST https://cloudresourcemanager.googleapis.com/v1/projects/sanchez-services-11fd0:testIamPermissions x-goog-quota-user=projects/sanchez-services-11fd0
[debug] [2025-10-16T22:26:51.498Z] >>> [apiv2][body] POST https://cloudresourcemanager.googleapis.com/v1/projects/sanchez-services-11fd0:testIamPermissions {"permissions":["cloudfunctions.functions.setIamPolicy"]}
[debug] [2025-10-16T22:26:51.590Z] <<< [apiv2][status] POST https://cloudresourcemanager.googleapis.com/v1/projects/sanchez-services-11fd0:testIamPermissions 200
[debug] [2025-10-16T22:26:51.591Z] <<< [apiv2][body] POST https://cloudresourcemanager.googleapis.com/v1/projects/sanchez-services-11fd0:testIamPermissions {"permissions":["cloudfunctions.functions.setIamPolicy"]}
[debug] [2025-10-16T22:26:51.591Z] [functions] found setIamPolicy permission, proceeding with deploy
[debug] [2025-10-16T22:26:51.593Z] Checked if tokens are valid: true, expires at: 1760657189462
[debug] [2025-10-16T22:26:51.593Z] Checked if tokens are valid: true, expires at: 1760657189462
[debug] [2025-10-16T22:26:51.594Z] >>> [apiv2][query] POST https://cloudfunctions.googleapis.com/v1/projects/sanchez-services-11fd0/locations/us-central1/functions:generateUploadUrl [none]
[debug] [2025-10-16T22:26:51.594Z] >>> [apiv2][body] POST https://cloudfunctions.googleapis.com/v1/projects/sanchez-services-11fd0/locations/us-central1/functions:generateUploadUrl {}
[debug] [2025-10-16T22:27:03.932Z] <<< [apiv2][status] POST https://cloudfunctions.googleapis.com/v1/projects/sanchez-services-11fd0/locations/us-central1/functions:generateUploadUrl 200
[debug] [2025-10-16T22:27:03.933Z] <<< [apiv2][body] POST https://cloudfunctions.googleapis.com/v1/projects/sanchez-services-11fd0/locations/us-central1/functions:generateUploadUrl {"uploadUrl":"https://storage.googleapis.com/uploads-1020869996469.us-central1.cloudfunctions.appspot.com/647ad2d9-4c46-4984-abb6-f4eb1d3f0cc6.zip?GoogleAccessId=service-1096371289926@gcf-admin-robot.iam.gserviceaccount.com&Expires=1760655424&Signature=CwHQY5sKHZMakD%2F9A1%2FqninYTPCqWfo0QPpP4YgAwVqo7kC4ItreMZ1chN2d0thbGNvJvP579oU3Ai0N3wrClj9it6dQ5t3sfvIsb%2FreXobQvQnXGBbwqExodq0DnrCl7VfyHm5xuj7ebWIUqiwLAlRN0MNtkw1s47fAaXNcooDaHdd%2FGuvsSRqFizEmUwb4OOZMqK8ssQmAHpXlCgNNpBY8P7MO%2FspAGLYif%2FtEedIcLMsCdMS9d2jtEstN%2Bnve4k0pg0x0ZkbudIOibvCf7JIVs1uG3rSfIM2dGUShTiCIcGscDwuT33mVX5k6Dos%2FeOyFnJ4sT8RpNJLmdX1g8A%3D%3D"}
[debug] [2025-10-16T22:27:03.940Z] >>> [apiv2][query] PUT https://storage.googleapis.com/uploads-1020869996469.us-central1.cloudfunctions.appspot.com/647ad2d9-4c46-4984-abb6-f4eb1d3f0cc6.zip GoogleAccessId=service-1096371289926%40gcf-admin-robot.iam.gserviceaccount.com&Expires=1760655424&Signature=CwHQY5sKHZMakD%2F9A1%2FqninYTPCqWfo0QPpP4YgAwVqo7kC4ItreMZ1chN2d0thbGNvJvP579oU3Ai0N3wrClj9it6dQ5t3sfvIsb%2FreXobQvQnXGBbwqExodq0DnrCl7VfyHm5xuj7ebWIUqiwLAlRN0MNtkw1s47fAaXNcooDaHdd%2FGuvsSRqFizEmUwb4OOZMqK8ssQmAHpXlCgNNpBY8P7MO%2FspAGLYif%2FtEedIcLMsCdMS9d2jtEstN%2Bnve4k0pg0x0ZkbudIOibvCf7JIVs1uG3rSfIM2dGUShTiCIcGscDwuT33mVX5k6Dos%2FeOyFnJ4sT8RpNJLmdX1g8A%3D%3D
[debug] [2025-10-16T22:27:03.941Z] >>> [apiv2][body] PUT https://storage.googleapis.com/uploads-1020869996469.us-central1.cloudfunctions.appspot.com/647ad2d9-4c46-4984-abb6-f4eb1d3f0cc6.zip [stream]
[debug] [2025-10-16T22:27:04.379Z] <<< [apiv2][status] PUT https://storage.googleapis.com/uploads-1020869996469.us-central1.cloudfunctions.appspot.com/647ad2d9-4c46-4984-abb6-f4eb1d3f0cc6.zip 200
[debug] [2025-10-16T22:27:04.379Z] <<< [apiv2][body] PUT https://storage.googleapis.com/uploads-1020869996469.us-central1.cloudfunctions.appspot.com/647ad2d9-4c46-4984-abb6-f4eb1d3f0cc6.zip [omitted]
[info] +  functions: functions source uploaded successfully 
[info] i  functions: creating Node.js 18 (1st Gen) function sweepCompleteBookings(us-central1)... 
[info] i  functions: creating Node.js 18 (1st Gen) function enqueueBookingEmail(us-central1)... 
[info] i  functions: creating Node.js 18 (1st Gen) function onBookingCreate(us-central1)... 
[info] i  functions: creating Node.js 18 (1st Gen) function onBookingDelete(us-central1)... 
[info] i  functions: creating Node.js 18 (1st Gen) function onBookingUpdate(us-central1)... 
[info] i  functions: creating Node.js 18 (1st Gen) function rebuildAvailabilityForDay(us-central1)... 
[debug] [2025-10-16T22:27:04.407Z] Checked if tokens are valid: true, expires at: 1760657189462
[debug] [2025-10-16T22:27:04.407Z] Checked if tokens are valid: true, expires at: 1760657189462
[debug] [2025-10-16T22:27:04.408Z] >>> [apiv2][query] POST https://cloudfunctions.googleapis.com/v1/projects/sanchez-services-11fd0/locations/us-central1/functions [none]
[debug] [2025-10-16T22:27:04.408Z] >>> [apiv2][body] POST https://cloudfunctions.googleapis.com/v1/projects/sanchez-services-11fd0/locations/us-central1/functions {"name":"projects/sanchez-services-11fd0/locations/us-central1/functions/sweepCompleteBookings","sourceUploadUrl":"https://storage.googleapis.com/uploads-1020869996469.us-central1.cloudfunctions.appspot.com/647ad2d9-4c46-4984-abb6-f4eb1d3f0cc6.zip?GoogleAccessId=service-1096371289926@gcf-admin-robot.iam.gserviceaccount.com&Expires=1760655424&Signature=CwHQY5sKHZMakD%2F9A1%2FqninYTPCqWfo0QPpP4YgAwVqo7kC4ItreMZ1chN2d0thbGNvJvP579oU3Ai0N3wrClj9it6dQ5t3sfvIsb%2FreXobQvQnXGBbwqExodq0DnrCl7VfyHm5xuj7ebWIUqiwLAlRN0MNtkw1s47fAaXNcooDaHdd%2FGuvsSRqFizEmUwb4OOZMqK8ssQmAHpXlCgNNpBY8P7MO%2FspAGLYif%2FtEedIcLMsCdMS9d2jtEstN%2Bnve4k0pg0x0ZkbudIOibvCf7JIVs1uG3rSfIM2dGUShTiCIcGscDwuT33mVX5k6Dos%2FeOyFnJ4sT8RpNJLmdX1g8A%3D%3D","entryPoint":"sweepCompleteBookings","runtime":"nodejs18","dockerRegistry":"ARTIFACT_REGISTRY","labels":{"deployment-tool":"cli-firebase","firebase-functions-hash":"76d73ff3ff63d1affa95a077fea5f9b3ee09424b"},"httpsTrigger":{"securityLevel":"SECURE_ALWAYS"},"minInstances":null,"maxInstances":null,"ingressSettings":null,"environmentVariables":{"FIREBASE_CONFIG":"{\"projectId\":\"sanchez-services-11fd0\",\"storageBucket\":\"sanchez-services-11fd0.firebasestorage.app\"}","GCLOUD_PROJECT":"sanchez-services-11fd0","EVENTARC_CLOUD_EVENT_SOURCE":"projects/sanchez-services-11fd0/locations/us-central1/functions/sweepCompleteBookings"},"serviceAccountEmail":null,"availableMemoryMb":null,"timeout":null,"vpcConnector":null,"vpcConnectorEgressSettings":null,"buildEnvironmentVariables":{"GOOGLE_NODE_RUN_SCRIPTS":""}}
[debug] [2025-10-16T22:27:06.234Z] <<< [apiv2][status] POST https://cloudfunctions.googleapis.com/v1/projects/sanchez-services-11fd0/locations/us-central1/functions 200
[debug] [2025-10-16T22:27:06.235Z] <<< [apiv2][body] POST https://cloudfunctions.googleapis.com/v1/projects/sanchez-services-11fd0/locations/us-central1/functions {"name":"operations/cHJvamVjdHMvc2FuY2hlei1zZXJ2aWNlcy0xMWZkMC9sb2NhdGlvbnMvdXMtY2VudHJhbDEvb3BlcmF0aW9ucy9vcGVyYXRpb24tMTc2MDY1MzYyNTIxMi02NDE0ZTFkZTczZGUwLWNlZjJhMzM5LTNjYzliMzJj","metadata":{"@type":"type.googleapis.com/google.cloud.functions.v1.OperationMetadataV1","target":"projects/sanchez-services-11fd0/locations/us-central1/functions/sweepCompleteBookings","updateTime":"2025-10-16T22:27:06.765434203Z"}}
[debug] [2025-10-16T22:27:06.237Z] Checked if tokens are valid: true, expires at: 1760657189462
[debug] [2025-10-16T22:27:06.238Z] Checked if tokens are valid: true, expires at: 1760657189462
[debug] [2025-10-16T22:27:06.238Z] >>> [apiv2][query] GET https://cloudfunctions.googleapis.com/v1/operations/cHJvamVjdHMvc2FuY2hlei1zZXJ2aWNlcy0xMWZkMC9sb2NhdGlvbnMvdXMtY2VudHJhbDEvb3BlcmF0aW9ucy9vcGVyYXRpb24tMTc2MDY1MzYyNTIxMi02NDE0ZTFkZTczZGUwLWNlZjJhMzM5LTNjYzliMzJj [none]
[debug] [2025-10-16T22:27:06.476Z] <<< [apiv2][status] GET https://cloudfunctions.googleapis.com/v1/operations/cHJvamVjdHMvc2FuY2hlei1zZXJ2aWNlcy0xMWZkMC9sb2NhdGlvbnMvdXMtY2VudHJhbDEvb3BlcmF0aW9ucy9vcGVyYXRpb24tMTc2MDY1MzYyNTIxMi02NDE0ZTFkZTczZGUwLWNlZjJhMzM5LTNjYzliMzJj 200
[debug] [2025-10-16T22:27:06.477Z] <<< [apiv2][body] GET https://cloudfunctions.googleapis.com/v1/operations/cHJvamVjdHMvc2FuY2hlei1zZXJ2aWNlcy0xMWZkMC9sb2NhdGlvbnMvdXMtY2VudHJhbDEvb3BlcmF0aW9ucy9vcGVyYXRpb24tMTc2MDY1MzYyNTIxMi02NDE0ZTFkZTczZGUwLWNlZjJhMzM5LTNjYzliMzJj {"name":"operations/cHJvamVjdHMvc2FuY2hlei1zZXJ2aWNlcy0xMWZkMC9sb2NhdGlvbnMvdXMtY2VudHJhbDEvb3BlcmF0aW9ucy9vcGVyYXRpb24tMTc2MDY1MzYyNTIxMi02NDE0ZTFkZTczZGUwLWNlZjJhMzM5LTNjYzliMzJj","metadata":{"@type":"type.googleapis.com/google.cloud.functions.v1.OperationMetadataV1","target":"projects/sanchez-services-11fd0/locations/us-central1/functions/sweepCompleteBookings","updateTime":"2025-10-16T22:27:06.765434203Z"}}
[debug] [2025-10-16T22:27:06.986Z] [create-default-us-central1-sweepCompleteBookings] Retrying task index 0
[debug] [2025-10-16T22:27:06.987Z] Checked if tokens are valid: true, expires at: 1760657189462
[debug] [2025-10-16T22:27:06.987Z] Checked if tokens are valid: true, expires at: 1760657189462
[debug] [2025-10-16T22:27:06.987Z] >>> [apiv2][query] GET https://cloudfunctions.googleapis.com/v1/operations/cHJvamVjdHMvc2FuY2hlei1zZXJ2aWNlcy0xMWZkMC9sb2NhdGlvbnMvdXMtY2VudHJhbDEvb3BlcmF0aW9ucy9vcGVyYXRpb24tMTc2MDY1MzYyNTIxMi02NDE0ZTFkZTczZGUwLWNlZjJhMzM5LTNjYzliMzJj [none]
[debug] [2025-10-16T22:27:07.264Z] <<< [apiv2][status] GET https://cloudfunctions.googleapis.com/v1/operations/cHJvamVjdHMvc2FuY2hlei1zZXJ2aWNlcy0xMWZkMC9sb2NhdGlvbnMvdXMtY2VudHJhbDEvb3BlcmF0aW9ucy9vcGVyYXRpb24tMTc2MDY1MzYyNTIxMi02NDE0ZTFkZTczZGUwLWNlZjJhMzM5LTNjYzliMzJj 200
[debug] [2025-10-16T22:27:07.264Z] <<< [apiv2][body] GET https://cloudfunctions.googleapis.com/v1/operations/cHJvamVjdHMvc2FuY2hlei1zZXJ2aWNlcy0xMWZkMC9sb2NhdGlvbnMvdXMtY2VudHJhbDEvb3BlcmF0aW9ucy9vcGVyYXRpb24tMTc2MDY1MzYyNTIxMi02NDE0ZTFkZTczZGUwLWNlZjJhMzM5LTNjYzliMzJj {"name":"operations/cHJvamVjdHMvc2FuY2hlei1zZXJ2aWNlcy0xMWZkMC9sb2NhdGlvbnMvdXMtY2VudHJhbDEvb3BlcmF0aW9ucy9vcGVyYXRpb24tMTc2MDY1MzYyNTIxMi02NDE0ZTFkZTczZGUwLWNlZjJhMzM5LTNjYzliMzJj","metadata":{"@type":"type.googleapis.com/google.cloud.functions.v1.OperationMetadataV1","target":"projects/sanchez-services-11fd0/locations/us-central1/functions/sweepCompleteBookings","type":"CREATE_FUNCTION","request":{"@type":"type.googleapis.com/google.cloud.functions.v1.CloudFunction","name":"projects/sanchez-services-11fd0/locations/us-central1/functions/sweepCompleteBookings","httpsTrigger":{"securityLevel":"SECURE_ALWAYS"},"entryPoint":"sweepCompleteBookings","updateTime":"1970-01-01T00:00:00Z","labels":{"deployment-tool":"cli-firebase","firebase-functions-hash":"76d73ff3ff63d1affa95a077fea5f9b3ee09424b"},"sourceUploadUrl":"https://storage.googleapis.com/uploads-1020869996469.us-central1.cloudfunctions.appspot.com/647ad2d9-4c46-4984-abb6-f4eb1d3f0cc6.zip?GoogleAccessId=service-1096371289926@gcf-admin-robot.iam.gserviceaccount.com&Expires=1760655424&Signature=CwHQY5sKHZMakD%2F9A1%2FqninYTPCqWfo0QPpP4YgAwVqo7kC4ItreMZ1chN2d0thbGNvJvP579oU3Ai0N3wrClj9it6dQ5t3sfvIsb%2FreXobQvQnXGBbwqExodq0DnrCl7VfyHm5xuj7ebWIUqiwLAlRN0MNtkw1s47fAaXNcooDaHdd%2FGuvsSRqFizEmUwb4OOZMqK8ssQmAHpXlCgNNpBY8P7MO%2FspAGLYif%2FtEedIcLMsCdMS9d2jtEstN%2Bnve4k0pg0x0ZkbudIOibvCf7JIVs1uG3rSfIM2dGUShTiCIcGscDwuT33mVX5k6Dos%2FeOyFnJ4sT8RpNJLmdX1g8A%3D%3D","environmentVariables":{"FIREBASE_CONFIG":"{\"projectId\":\"sanchez-services-11fd0\",\"storageBucket\":\"sanchez-services-11fd0.firebasestorage.app\"}","GCLOUD_PROJECT":"sanchez-services-11fd0","EVENTARC_CLOUD_EVENT_SOURCE":"projects/sanchez-services-11fd0/locations/us-central1/functions/sweepCompleteBookings"},"runtime":"nodejs18","buildEnvironmentVariables":{"GOOGLE_NODE_RUN_SCRIPTS":""},"dockerRegistry":"ARTIFACT_REGISTRY"},"versionId":"1","updateTime":"2025-10-16T22:27:06.765434203Z"}}
[debug] [2025-10-16T22:27:08.277Z] [create-default-us-central1-sweepCompleteBookings] Retrying task index 0
[debug] [2025-10-16T22:27:08.278Z] Checked if tokens are valid: true, expires at: 1760657189462
[debug] [2025-10-16T22:27:08.279Z] Checked if tokens are valid: true, expires at: 1760657189462
[debug] [2025-10-16T22:27:08.279Z] >>> [apiv2][query] GET https://cloudfunctions.googleapis.com/v1/operations/cHJvamVjdHMvc2FuY2hlei1zZXJ2aWNlcy0xMWZkMC9sb2NhdGlvbnMvdXMtY2VudHJhbDEvb3BlcmF0aW9ucy9vcGVyYXRpb24tMTc2MDY1MzYyNTIxMi02NDE0ZTFkZTczZGUwLWNlZjJhMzM5LTNjYzliMzJj [none]
[debug] [2025-10-16T22:27:08.504Z] <<< [apiv2][status] GET https://cloudfunctions.googleapis.com/v1/operations/cHJvamVjdHMvc2FuY2hlei1zZXJ2aWNlcy0xMWZkMC9sb2NhdGlvbnMvdXMtY2VudHJhbDEvb3BlcmF0aW9ucy9vcGVyYXRpb24tMTc2MDY1MzYyNTIxMi02NDE0ZTFkZTczZGUwLWNlZjJhMzM5LTNjYzliMzJj 200
[debug] [2025-10-16T22:27:08.505Z] <<< [apiv2][body] GET https://cloudfunctions.googleapis.com/v1/operations/cHJvamVjdHMvc2FuY2hlei1zZXJ2aWNlcy0xMWZkMC9sb2NhdGlvbnMvdXMtY2VudHJhbDEvb3BlcmF0aW9ucy9vcGVyYXRpb24tMTc2MDY1MzYyNTIxMi02NDE0ZTFkZTczZGUwLWNlZjJhMzM5LTNjYzliMzJj {"name":"operations/cHJvamVjdHMvc2FuY2hlei1zZXJ2aWNlcy0xMWZkMC9sb2NhdGlvbnMvdXMtY2VudHJhbDEvb3BlcmF0aW9ucy9vcGVyYXRpb24tMTc2MDY1MzYyNTIxMi02NDE0ZTFkZTczZGUwLWNlZjJhMzM5LTNjYzliMzJj","metadata":{"@type":"type.googleapis.com/google.cloud.functions.v1.OperationMetadataV1","target":"projects/sanchez-services-11fd0/locations/us-central1/functions/sweepCompleteBookings","type":"CREATE_FUNCTION","request":{"@type":"type.googleapis.com/google.cloud.functions.v1.CloudFunction","name":"projects/sanchez-services-11fd0/locations/us-central1/functions/sweepCompleteBookings","httpsTrigger":{"securityLevel":"SECURE_ALWAYS"},"entryPoint":"sweepCompleteBookings","updateTime":"1970-01-01T00:00:00Z","labels":{"deployment-tool":"cli-firebase","firebase-functions-hash":"76d73ff3ff63d1affa95a077fea5f9b3ee09424b"},"sourceUploadUrl":"https://storage.googleapis.com/uploads-1020869996469.us-central1.cloudfunctions.appspot.com/647ad2d9-4c46-4984-abb6-f4eb1d3f0cc6.zip?GoogleAccessId=service-1096371289926@gcf-admin-robot.iam.gserviceaccount.com&Expires=1760655424&Signature=CwHQY5sKHZMakD%2F9A1%2FqninYTPCqWfo0QPpP4YgAwVqo7kC4ItreMZ1chN2d0thbGNvJvP579oU3Ai0N3wrClj9it6dQ5t3sfvIsb%2FreXobQvQnXGBbwqExodq0DnrCl7VfyHm5xuj7ebWIUqiwLAlRN0MNtkw1s47fAaXNcooDaHdd%2FGuvsSRqFizEmUwb4OOZMqK8ssQmAHpXlCgNNpBY8P7MO%2FspAGLYif%2FtEedIcLMsCdMS9d2jtEstN%2Bnve4k0pg0x0ZkbudIOibvCf7JIVs1uG3rSfIM2dGUShTiCIcGscDwuT33mVX5k6Dos%2FeOyFnJ4sT8RpNJLmdX1g8A%3D%3D","environmentVariables":{"FIREBASE_CONFIG":"{\"projectId\":\"sanchez-services-11fd0\",\"storageBucket\":\"sanchez-services-11fd0.firebasestorage.app\"}","GCLOUD_PROJECT":"sanchez-services-11fd0","EVENTARC_CLOUD_EVENT_SOURCE":"projects/sanchez-services-11fd0/locations/us-central1/functions/sweepCompleteBookings"},"runtime":"nodejs18","buildEnvironmentVariables":{"GOOGLE_NODE_RUN_SCRIPTS":""},"dockerRegistry":"ARTIFACT_REGISTRY"},"versionId":"1","updateTime":"2025-10-16T22:27:06.765434203Z"}}
[debug] [2025-10-16T22:27:10.513Z] [create-default-us-central1-sweepCompleteBookings] Retrying task index 0
[debug] [2025-10-16T22:27:10.514Z] Checked if tokens are valid: true, expires at: 1760657189462
[debug] [2025-10-16T22:27:10.514Z] Checked if tokens are valid: true, expires at: 1760657189462
[debug] [2025-10-16T22:27:10.514Z] >>> [apiv2][query] GET https://cloudfunctions.googleapis.com/v1/operations/cHJvamVjdHMvc2FuY2hlei1zZXJ2aWNlcy0xMWZkMC9sb2NhdGlvbnMvdXMtY2VudHJhbDEvb3BlcmF0aW9ucy9vcGVyYXRpb24tMTc2MDY1MzYyNTIxMi02NDE0ZTFkZTczZGUwLWNlZjJhMzM5LTNjYzliMzJj [none]
[debug] [2025-10-16T22:27:10.638Z] <<< [apiv2][status] GET https://cloudfunctions.googleapis.com/v1/operations/cHJvamVjdHMvc2FuY2hlei1zZXJ2aWNlcy0xMWZkMC9sb2NhdGlvbnMvdXMtY2VudHJhbDEvb3BlcmF0aW9ucy9vcGVyYXRpb24tMTc2MDY1MzYyNTIxMi02NDE0ZTFkZTczZGUwLWNlZjJhMzM5LTNjYzliMzJj 200
[debug] [2025-10-16T22:27:10.639Z] <<< [apiv2][body] GET https://cloudfunctions.googleapis.com/v1/operations/cHJvamVjdHMvc2FuY2hlei1zZXJ2aWNlcy0xMWZkMC9sb2NhdGlvbnMvdXMtY2VudHJhbDEvb3BlcmF0aW9ucy9vcGVyYXRpb24tMTc2MDY1MzYyNTIxMi02NDE0ZTFkZTczZGUwLWNlZjJhMzM5LTNjYzliMzJj {"name":"operations/cHJvamVjdHMvc2FuY2hlei1zZXJ2aWNlcy0xMWZkMC9sb2NhdGlvbnMvdXMtY2VudHJhbDEvb3BlcmF0aW9ucy9vcGVyYXRpb24tMTc2MDY1MzYyNTIxMi02NDE0ZTFkZTczZGUwLWNlZjJhMzM5LTNjYzliMzJj","metadata":{"@type":"type.googleapis.com/google.cloud.functions.v1.OperationMetadataV1","target":"projects/sanchez-services-11fd0/locations/us-central1/functions/sweepCompleteBookings","type":"CREATE_FUNCTION","request":{"@type":"type.googleapis.com/google.cloud.functions.v1.CloudFunction","name":"projects/sanchez-services-11fd0/locations/us-central1/functions/sweepCompleteBookings","httpsTrigger":{"securityLevel":"SECURE_ALWAYS"},"entryPoint":"sweepCompleteBookings","updateTime":"1970-01-01T00:00:00Z","labels":{"deployment-tool":"cli-firebase","firebase-functions-hash":"76d73ff3ff63d1affa95a077fea5f9b3ee09424b"},"sourceUploadUrl":"https://storage.googleapis.com/uploads-1020869996469.us-central1.cloudfunctions.appspot.com/647ad2d9-4c46-4984-abb6-f4eb1d3f0cc6.zip?GoogleAccessId=service-1096371289926@gcf-admin-robot.iam.gserviceaccount.com&Expires=1760655424&Signature=CwHQY5sKHZMakD%2F9A1%2FqninYTPCqWfo0QPpP4YgAwVqo7kC4ItreMZ1chN2d0thbGNvJvP579oU3Ai0N3wrClj9it6dQ5t3sfvIsb%2FreXobQvQnXGBbwqExodq0DnrCl7VfyHm5xuj7ebWIUqiwLAlRN0MNtkw1s47fAaXNcooDaHdd%2FGuvsSRqFizEmUwb4OOZMqK8ssQmAHpXlCgNNpBY8P7MO%2FspAGLYif%2FtEedIcLMsCdMS9d2jtEstN%2Bnve4k0pg0x0ZkbudIOibvCf7JIVs1uG3rSfIM2dGUShTiCIcGscDwuT33mVX5k6Dos%2FeOyFnJ4sT8RpNJLmdX1g8A%3D%3D","environmentVariables":{"FIREBASE_CONFIG":"{\"projectId\":\"sanchez-services-11fd0\",\"storageBucket\":\"sanchez-services-11fd0.firebasestorage.app\"}","GCLOUD_PROJECT":"sanchez-services-11fd0","EVENTARC_CLOUD_EVENT_SOURCE":"projects/sanchez-services-11fd0/locations/us-central1/functions/sweepCompleteBookings"},"runtime":"nodejs18","buildEnvironmentVariables":{"GOOGLE_NODE_RUN_SCRIPTS":""},"dockerRegistry":"ARTIFACT_REGISTRY"},"versionId":"1","updateTime":"2025-10-16T22:27:06.765434203Z"}}
[debug] [2025-10-16T22:27:14.650Z] [create-default-us-central1-sweepCompleteBookings] Retrying task index 0
[debug] [2025-10-16T22:27:14.651Z] Checked if tokens are valid: true, expires at: 1760657189462
[debug] [2025-10-16T22:27:14.651Z] Checked if tokens are valid: true, expires at: 1760657189462
[debug] [2025-10-16T22:27:14.652Z] >>> [apiv2][query] GET https://cloudfunctions.googleapis.com/v1/operations/cHJvamVjdHMvc2FuY2hlei1zZXJ2aWNlcy0xMWZkMC9sb2NhdGlvbnMvdXMtY2VudHJhbDEvb3BlcmF0aW9ucy9vcGVyYXRpb24tMTc2MDY1MzYyNTIxMi02NDE0ZTFkZTczZGUwLWNlZjJhMzM5LTNjYzliMzJj [none]
[debug] [2025-10-16T22:27:14.982Z] <<< [apiv2][status] GET https://cloudfunctions.googleapis.com/v1/operations/cHJvamVjdHMvc2FuY2hlei1zZXJ2aWNlcy0xMWZkMC9sb2NhdGlvbnMvdXMtY2VudHJhbDEvb3BlcmF0aW9ucy9vcGVyYXRpb24tMTc2MDY1MzYyNTIxMi02NDE0ZTFkZTczZGUwLWNlZjJhMzM5LTNjYzliMzJj 200
[debug] [2025-10-16T22:27:14.982Z] <<< [apiv2][body] GET https://cloudfunctions.googleapis.com/v1/operations/cHJvamVjdHMvc2FuY2hlei1zZXJ2aWNlcy0xMWZkMC9sb2NhdGlvbnMvdXMtY2VudHJhbDEvb3BlcmF0aW9ucy9vcGVyYXRpb24tMTc2MDY1MzYyNTIxMi02NDE0ZTFkZTczZGUwLWNlZjJhMzM5LTNjYzliMzJj {"name":"operations/cHJvamVjdHMvc2FuY2hlei1zZXJ2aWNlcy0xMWZkMC9sb2NhdGlvbnMvdXMtY2VudHJhbDEvb3BlcmF0aW9ucy9vcGVyYXRpb24tMTc2MDY1MzYyNTIxMi02NDE0ZTFkZTczZGUwLWNlZjJhMzM5LTNjYzliMzJj","metadata":{"@type":"type.googleapis.com/google.cloud.functions.v1.OperationMetadataV1","target":"projects/sanchez-services-11fd0/locations/us-central1/functions/sweepCompleteBookings","type":"CREATE_FUNCTION","request":{"@type":"type.googleapis.com/google.cloud.functions.v1.CloudFunction","name":"projects/sanchez-services-11fd0/locations/us-central1/functions/sweepCompleteBookings","httpsTrigger":{"securityLevel":"SECURE_ALWAYS"},"entryPoint":"sweepCompleteBookings","updateTime":"1970-01-01T00:00:00Z","labels":{"deployment-tool":"cli-firebase","firebase-functions-hash":"76d73ff3ff63d1affa95a077fea5f9b3ee09424b"},"sourceUploadUrl":"https://storage.googleapis.com/uploads-1020869996469.us-central1.cloudfunctions.appspot.com/647ad2d9-4c46-4984-abb6-f4eb1d3f0cc6.zip?GoogleAccessId=service-1096371289926@gcf-admin-robot.iam.gserviceaccount.com&Expires=1760655424&Signature=CwHQY5sKHZMakD%2F9A1%2FqninYTPCqWfo0QPpP4YgAwVqo7kC4ItreMZ1chN2d0thbGNvJvP579oU3Ai0N3wrClj9it6dQ5t3sfvIsb%2FreXobQvQnXGBbwqExodq0DnrCl7VfyHm5xuj7ebWIUqiwLAlRN0MNtkw1s47fAaXNcooDaHdd%2FGuvsSRqFizEmUwb4OOZMqK8ssQmAHpXlCgNNpBY8P7MO%2FspAGLYif%2FtEedIcLMsCdMS9d2jtEstN%2Bnve4k0pg0x0ZkbudIOibvCf7JIVs1uG3rSfIM2dGUShTiCIcGscDwuT33mVX5k6Dos%2FeOyFnJ4sT8RpNJLmdX1g8A%3D%3D","environmentVariables":{"FIREBASE_CONFIG":"{\"projectId\":\"sanchez-services-11fd0\",\"storageBucket\":\"sanchez-services-11fd0.firebasestorage.app\"}","GCLOUD_PROJECT":"sanchez-services-11fd0","EVENTARC_CLOUD_EVENT_SOURCE":"projects/sanchez-services-11fd0/locations/us-central1/functions/sweepCompleteBookings"},"runtime":"nodejs18","buildEnvironmentVariables":{"GOOGLE_NODE_RUN_SCRIPTS":""},"dockerRegistry":"ARTIFACT_REGISTRY"},"versionId":"1","updateTime":"2025-10-16T22:27:06.765434203Z"}}
[debug] [2025-10-16T22:27:22.994Z] [create-default-us-central1-sweepCompleteBookings] Retrying task index 0
[debug] [2025-10-16T22:27:22.995Z] Checked if tokens are valid: true, expires at: 1760657189462
[debug] [2025-10-16T22:27:22.995Z] Checked if tokens are valid: true, expires at: 1760657189462
[debug] [2025-10-16T22:27:22.996Z] >>> [apiv2][query] GET https://cloudfunctions.googleapis.com/v1/operations/cHJvamVjdHMvc2FuY2hlei1zZXJ2aWNlcy0xMWZkMC9sb2NhdGlvbnMvdXMtY2VudHJhbDEvb3BlcmF0aW9ucy9vcGVyYXRpb24tMTc2MDY1MzYyNTIxMi02NDE0ZTFkZTczZGUwLWNlZjJhMzM5LTNjYzliMzJj [none]
[debug] [2025-10-16T22:27:23.294Z] <<< [apiv2][status] GET https://cloudfunctions.googleapis.com/v1/operations/cHJvamVjdHMvc2FuY2hlei1zZXJ2aWNlcy0xMWZkMC9sb2NhdGlvbnMvdXMtY2VudHJhbDEvb3BlcmF0aW9ucy9vcGVyYXRpb24tMTc2MDY1MzYyNTIxMi02NDE0ZTFkZTczZGUwLWNlZjJhMzM5LTNjYzliMzJj 200
[debug] [2025-10-16T22:27:23.294Z] <<< [apiv2][body] GET https://cloudfunctions.googleapis.com/v1/operations/cHJvamVjdHMvc2FuY2hlei1zZXJ2aWNlcy0xMWZkMC9sb2NhdGlvbnMvdXMtY2VudHJhbDEvb3BlcmF0aW9ucy9vcGVyYXRpb24tMTc2MDY1MzYyNTIxMi02NDE0ZTFkZTczZGUwLWNlZjJhMzM5LTNjYzliMzJj {"name":"operations/cHJvamVjdHMvc2FuY2hlei1zZXJ2aWNlcy0xMWZkMC9sb2NhdGlvbnMvdXMtY2VudHJhbDEvb3BlcmF0aW9ucy9vcGVyYXRpb24tMTc2MDY1MzYyNTIxMi02NDE0ZTFkZTczZGUwLWNlZjJhMzM5LTNjYzliMzJj","metadata":{"@type":"type.googleapis.com/google.cloud.functions.v1.OperationMetadataV1","target":"projects/sanchez-services-11fd0/locations/us-central1/functions/sweepCompleteBookings","type":"CREATE_FUNCTION","request":{"@type":"type.googleapis.com/google.cloud.functions.v1.CloudFunction","name":"projects/sanchez-services-11fd0/locations/us-central1/functions/sweepCompleteBookings","httpsTrigger":{"securityLevel":"SECURE_ALWAYS"},"entryPoint":"sweepCompleteBookings","updateTime":"1970-01-01T00:00:00Z","labels":{"deployment-tool":"cli-firebase","firebase-functions-hash":"76d73ff3ff63d1affa95a077fea5f9b3ee09424b"},"sourceUploadUrl":"https://storage.googleapis.com/uploads-1020869996469.us-central1.cloudfunctions.appspot.com/647ad2d9-4c46-4984-abb6-f4eb1d3f0cc6.zip?GoogleAccessId=service-1096371289926@gcf-admin-robot.iam.gserviceaccount.com&Expires=1760655424&Signature=CwHQY5sKHZMakD%2F9A1%2FqninYTPCqWfo0QPpP4YgAwVqo7kC4ItreMZ1chN2d0thbGNvJvP579oU3Ai0N3wrClj9it6dQ5t3sfvIsb%2FreXobQvQnXGBbwqExodq0DnrCl7VfyHm5xuj7ebWIUqiwLAlRN0MNtkw1s47fAaXNcooDaHdd%2FGuvsSRqFizEmUwb4OOZMqK8ssQmAHpXlCgNNpBY8P7MO%2FspAGLYif%2FtEedIcLMsCdMS9d2jtEstN%2Bnve4k0pg0x0ZkbudIOibvCf7JIVs1uG3rSfIM2dGUShTiCIcGscDwuT33mVX5k6Dos%2FeOyFnJ4sT8RpNJLmdX1g8A%3D%3D","environmentVariables":{"FIREBASE_CONFIG":"{\"projectId\":\"sanchez-services-11fd0\",\"storageBucket\":\"sanchez-services-11fd0.firebasestorage.app\"}","GCLOUD_PROJECT":"sanchez-services-11fd0","EVENTARC_CLOUD_EVENT_SOURCE":"projects/sanchez-services-11fd0/locations/us-central1/functions/sweepCompleteBookings"},"runtime":"nodejs18","buildEnvironmentVariables":{"GOOGLE_NODE_RUN_SCRIPTS":""},"dockerRegistry":"ARTIFACT_REGISTRY"},"versionId":"1","updateTime":"2025-10-16T22:27:06.765434203Z","buildId":"a467905c-bace-4b1f-8a80-c9732714f9fd","buildName":"projects/1096371289926/locations/us-central1/builds/a467905c-bace-4b1f-8a80-c9732714f9fd"}}
